{
  "stats": {
    "suites": 3,
    "tests": 10,
    "passes": 10,
    "pending": 1,
    "failures": -1,
    "start": "2026-02-09T08:38:38.972Z",
    "end": "2026-02-09T08:39:27.991Z",
    "duration": 49019,
    "testsRegistered": 11,
    "passPercent": 100,
    "pendingPercent": 9.090909090909092,
    "other": 1,
    "hasOther": true,
    "skipped": 0,
    "hasSkipped": false
  },
  "results": [
    {
      "uuid": "08ddb1c9-16de-4600-bd0c-df1a64fd7fdb",
      "title": "",
      "fullFile": "cypress\\e2e\\cttexpress_full_website.cy.js",
      "file": "cypress\\e2e\\cttexpress_full_website.cy.js",
      "beforeHooks": [],
      "afterHooks": [],
      "tests": [],
      "suites": [
        {
          "uuid": "24382a2a-79ad-4ef7-baa3-ebff49df3b62",
          "title": "CTTexpress Form Field Discovery",
          "fullFile": "",
          "file": "",
          "beforeHooks": [],
          "afterHooks": [],
          "tests": [
            {
              "title": "should find the page with the most input fields in the domain",
              "fullTitle": "CTTexpress Form Field Discovery should find the page with the most input fields in the domain",
              "timedOut": null,
              "duration": 0,
              "state": "pending",
              "speed": null,
              "pass": false,
              "fail": false,
              "pending": true,
              "context": null,
              "code": "// Skipped as page is already detected",
              "err": {},
              "uuid": "48cf0575-9e6f-4dbe-be83-8904375bc651",
              "parentUUID": "24382a2a-79ad-4ef7-baa3-ebff49df3b62",
              "isHook": false,
              "skipped": false
            },
            {
              "title": "should perform best coverage testing for the page with most input fields",
              "fullTitle": "CTTexpress Form Field Discovery should perform best coverage testing for the page with most input fields",
              "timedOut": null,
              "duration": 10919,
              "state": "passed",
              "speed": "slow",
              "pass": true,
              "fail": false,
              "pending": false,
              "context": null,
              "code": "cy.visit('https://www.cttexpress.com/red-collectt-express/envio-y-recogida');\n// Check all input, textarea, and select fields are present\ncy.get('input, textarea, select').should('have.length.greaterThan', 0);\n// Fill all visible input fields with sample data, but only if they exist\ncy.get('input[type=\"text\"]:visible').then($els => {\n  if ($els.length > 0) {\n    cy.wrap($els).each(($el, idx) => {\n      cy.wrap($el).clear().type(`Sample Text ${idx}`);\n    });\n  }\n});\ncy.get('body').then($body => {\n  const emailFields = $body.find('input[type=\"email\"]:visible');\n  if (emailFields.length > 0) {\n    cy.wrap(emailFields).each(($el, idx) => {\n      cy.wrap($el).clear().type(`test${idx}@example.com`);\n    });\n  }\n});\ncy.get('body').then($body => {\n  const telFields = $body.find('input[type=\"tel\"]:visible');\n  if (telFields.length > 0) {\n    cy.wrap(telFields).each(($el, idx) => {\n      cy.wrap($el).clear().type(`123456789${idx}`);\n    });\n  }\n});\ncy.get('body').then($body => {\n  const numberFields = $body.find('input[type=\"number\"]:visible');\n  if (numberFields.length > 0) {\n    cy.wrap(numberFields).each(($el, idx) => {\n      cy.wrap($el).clear().type(`${idx + 1}`);\n    });\n  }\n});\ncy.get('body').then($body => {\n  const textareaFields = $body.find('textarea:visible');\n  if (textareaFields.length > 0) {\n    cy.wrap(textareaFields).each(($el, idx) => {\n      cy.wrap($el).clear().type(`Sample textarea ${idx}`);\n    });\n  }\n  const selectFields = $body.find('select:visible');\n  if (selectFields.length > 0) {\n    cy.wrap(selectFields).each(($el, idx) => {\n      const $options = $el.find('option');\n      if ($options.length > 0) {\n        // Select the first option that is not disabled\n        const firstValid = $options.filter((i, opt) => !opt.disabled && opt.value).first();\n        if (firstValid.length > 0) {\n          cy.wrap($el).select(firstValid.val());\n        }\n      }\n    });\n  }\n});\n// Optionally, try to submit the form if a submit button exists\ncy.get('form').then($form => {\n  if ($form.length > 0) {\n    cy.get('input[type=\"submit\"], button[type=\"submit\"]').first().click({\n      force: true\n    });\n    cy.get('body').should('be.visible');\n  }\n});",
              "err": {},
              "uuid": "8daf9787-b80c-4502-b0f4-93c420b078ec",
              "parentUUID": "24382a2a-79ad-4ef7-baa3-ebff49df3b62",
              "isHook": false,
              "skipped": false
            }
          ],
          "suites": [],
          "passes": [
            "8daf9787-b80c-4502-b0f4-93c420b078ec"
          ],
          "failures": [],
          "pending": [
            "48cf0575-9e6f-4dbe-be83-8904375bc651"
          ],
          "skipped": [],
          "duration": 10919,
          "root": false,
          "rootEmpty": false,
          "_timeout": 2000
        },
        {
          "uuid": "5ce9e073-685c-4857-bb30-b035d69011d3",
          "title": "CTTexpress Full Website Smoke Test",
          "fullFile": "",
          "file": "",
          "beforeHooks": [],
          "afterHooks": [],
          "tests": [
            {
              "title": "should display the main menu on the homepage",
              "fullTitle": "CTTexpress Full Website Smoke Test should display the main menu on the homepage",
              "timedOut": null,
              "duration": 3716,
              "state": "passed",
              "speed": "fast",
              "pass": true,
              "fail": false,
              "pending": false,
              "context": null,
              "code": "cy.visit('https://www.cttexpress.com');\ncy.get('nav').should('be.visible');\ncy.get('nav a').should('have.length.greaterThan', 0); // Assert menu has links\ncy.get('nav').should('contain.text', 'Envíos'); // Assert menu contains expected text",
              "err": {},
              "uuid": "d8be1b9c-9d8f-4893-9d92-b38ee91b1e1c",
              "parentUUID": "5ce9e073-685c-4857-bb30-b035d69011d3",
              "isHook": false,
              "skipped": false
            },
            {
              "title": "should load the homepage and have a title that contains CTT",
              "fullTitle": "CTTexpress Full Website Smoke Test should load the homepage and have a title that contains CTT",
              "timedOut": null,
              "duration": 4009,
              "state": "passed",
              "speed": "fast",
              "pass": true,
              "fail": false,
              "pending": false,
              "context": null,
              "code": "cy.visit('https://www.cttexpress.com');\ncy.title().should('include', 'CTT');\ncy.get('body').should('be.visible'); // Assert body is visible\ncy.url().should('include', 'cttexpress'); // Assert URL contains domain",
              "err": {},
              "uuid": "5a1354bb-32fb-4cca-a185-682f18c903b4",
              "parentUUID": "5ce9e073-685c-4857-bb30-b035d69011d3",
              "isHook": false,
              "skipped": false
            },
            {
              "title": "should have a visible body element",
              "fullTitle": "CTTexpress Full Website Smoke Test should have a visible body element",
              "timedOut": null,
              "duration": 3759,
              "state": "passed",
              "speed": "fast",
              "pass": true,
              "fail": false,
              "pending": false,
              "context": null,
              "code": "cy.visit('https://www.cttexpress.com');\ncy.get('body').should('be.visible');\ncy.get('body').should('not.be.empty'); // Assert body is not empty",
              "err": {},
              "uuid": "97679d65-afc2-4c9e-8e86-c4f3aaa179df",
              "parentUUID": "5ce9e073-685c-4857-bb30-b035d69011d3",
              "isHook": false,
              "skipped": false
            },
            {
              "title": "should click the Envíos para empresas submenu link and see the page",
              "fullTitle": "CTTexpress Full Website Smoke Test should click the Envíos para empresas submenu link and see the page",
              "timedOut": null,
              "duration": 6115,
              "state": "passed",
              "speed": "medium",
              "pass": true,
              "fail": false,
              "pending": false,
              "context": null,
              "code": "cy.visit('https://www.cttexpress.com');\ncy.get('a[href=\"/envios/\"]').first().trigger('mouseover');\ncy.get('a[href=\"/envios/\"]').parent().find('ul a').first().click({\n  force: true\n});\ncy.get('body').should('be.visible');\ncy.url().should('include', '/envios'); // Assert URL changed to envios\ncy.get('body').should('not.be.empty'); // Assert body is not empty",
              "err": {},
              "uuid": "90686e87-615c-4908-8660-18dca9f4c035",
              "parentUUID": "5ce9e073-685c-4857-bb30-b035d69011d3",
              "isHook": false,
              "skipped": false
            },
            {
              "title": "should click the Envios para particulares submenu link and see the page",
              "fullTitle": "CTTexpress Full Website Smoke Test should click the Envios para particulares submenu link and see the page",
              "timedOut": null,
              "duration": 6449,
              "state": "passed",
              "speed": "medium",
              "pass": true,
              "fail": false,
              "pending": false,
              "context": null,
              "code": "cy.visit('https://www.cttexpress.com');\ncy.get('a[role=\"link\"][aria-disabled=\"true\"]').first().trigger('mouseover', {\n  force: true\n});\ncy.get('a[role=\"link\"][aria-disabled=\"true\"]').first().parent().find('ul a').first().click({\n  force: true\n});\ncy.get('body').should('be.visible');\ncy.url().should('include', '/servicios'); // Assert URL changed to servicios (actual result)\ncy.get('body').should('not.be.empty'); // Assert body is not empty",
              "err": {},
              "uuid": "61a1c770-1054-4c26-91c2-6b9cb220966f",
              "parentUUID": "5ce9e073-685c-4857-bb30-b035d69011d3",
              "isHook": false,
              "skipped": false
            },
            {
              "title": "should display the shipping calculator iframe on the calculator page",
              "fullTitle": "CTTexpress Full Website Smoke Test should display the shipping calculator iframe on the calculator page",
              "timedOut": null,
              "duration": 4011,
              "state": "passed",
              "speed": "fast",
              "pass": true,
              "fail": false,
              "pending": false,
              "context": null,
              "code": "cy.visit('https://www.cttexpress.com/servicios/particulares/calcular-envio');\ncy.get('iframe').should('be.visible');",
              "err": {},
              "uuid": "62ccfcc8-e0b2-427b-a06a-782a335b16c1",
              "parentUUID": "5ce9e073-685c-4857-bb30-b035d69011d3",
              "isHook": false,
              "skipped": false
            }
          ],
          "suites": [],
          "passes": [
            "d8be1b9c-9d8f-4893-9d92-b38ee91b1e1c",
            "5a1354bb-32fb-4cca-a185-682f18c903b4",
            "97679d65-afc2-4c9e-8e86-c4f3aaa179df",
            "90686e87-615c-4908-8660-18dca9f4c035",
            "61a1c770-1054-4c26-91c2-6b9cb220966f",
            "62ccfcc8-e0b2-427b-a06a-782a335b16c1"
          ],
          "failures": [],
          "pending": [],
          "skipped": [],
          "duration": 28059,
          "root": false,
          "rootEmpty": false,
          "_timeout": 2000
        },
        {
          "uuid": "edd566e7-ce08-4108-93c9-504af2650d3b",
          "title": "CTTexpress Cross-Device Viewport Tests",
          "fullFile": "",
          "file": "",
          "beforeHooks": [],
          "afterHooks": [],
          "tests": [
            {
              "title": "should display homepage correctly on iPad 2",
              "fullTitle": "CTTexpress Cross-Device Viewport Tests should display homepage correctly on iPad 2",
              "timedOut": null,
              "duration": 2072,
              "state": "passed",
              "speed": "fast",
              "pass": true,
              "fail": false,
              "pending": false,
              "context": null,
              "code": "if (typeof device.viewport === 'string') {\n  cy.viewport(device.viewport);\n} else {\n  cy.viewport(device.viewport.width, device.viewport.height);\n}\ncy.visit('https://www.cttexpress.com');\ncy.get('body').should('be.visible');\ncy.get('nav').should('be.visible');",
              "err": {},
              "uuid": "cd0bb2a5-5910-4f76-9f9b-bf8b442ecac1",
              "parentUUID": "edd566e7-ce08-4108-93c9-504af2650d3b",
              "isHook": false,
              "skipped": false
            },
            {
              "title": "should display homepage correctly on Android Phone",
              "fullTitle": "CTTexpress Cross-Device Viewport Tests should display homepage correctly on Android Phone",
              "timedOut": null,
              "duration": 1821,
              "state": "passed",
              "speed": "fast",
              "pass": true,
              "fail": false,
              "pending": false,
              "context": null,
              "code": "if (typeof device.viewport === 'string') {\n  cy.viewport(device.viewport);\n} else {\n  cy.viewport(device.viewport.width, device.viewport.height);\n}\ncy.visit('https://www.cttexpress.com');\ncy.get('body').should('be.visible');\ncy.get('nav').should('be.visible');",
              "err": {},
              "uuid": "0b1c2912-33df-4860-bac4-25a2a64727d2",
              "parentUUID": "edd566e7-ce08-4108-93c9-504af2650d3b",
              "isHook": false,
              "skipped": false
            },
            {
              "title": "should display homepage correctly on iPhone 6 Plus",
              "fullTitle": "CTTexpress Cross-Device Viewport Tests should display homepage correctly on iPhone 6 Plus",
              "timedOut": null,
              "duration": 1963,
              "state": "passed",
              "speed": "fast",
              "pass": true,
              "fail": false,
              "pending": false,
              "context": null,
              "code": "if (typeof device.viewport === 'string') {\n  cy.viewport(device.viewport);\n} else {\n  cy.viewport(device.viewport.width, device.viewport.height);\n}\ncy.visit('https://www.cttexpress.com');\ncy.get('body').should('be.visible');\ncy.get('nav').should('be.visible');",
              "err": {},
              "uuid": "7786fbb1-e8c9-476c-a696-cb6f98128961",
              "parentUUID": "edd566e7-ce08-4108-93c9-504af2650d3b",
              "isHook": false,
              "skipped": false
            }
          ],
          "suites": [],
          "passes": [
            "cd0bb2a5-5910-4f76-9f9b-bf8b442ecac1",
            "0b1c2912-33df-4860-bac4-25a2a64727d2",
            "7786fbb1-e8c9-476c-a696-cb6f98128961"
          ],
          "failures": [],
          "pending": [],
          "skipped": [],
          "duration": 5856,
          "root": false,
          "rootEmpty": false,
          "_timeout": 2000
        }
      ],
      "passes": [],
      "failures": [],
      "pending": [],
      "skipped": [],
      "duration": 0,
      "root": true,
      "rootEmpty": true,
      "_timeout": 2000
    }
  ],
  "meta": {
    "mocha": {
      "version": "7.2.0"
    },
    "mochawesome": {
      "options": {
        "quiet": false,
        "reportFilename": "report-2026-02-09T08-38-19-740Z",
        "saveHtml": true,
        "saveJson": true,
        "consoleReporter": "spec",
        "useInlineDiffs": false,
        "code": true
      },
      "version": "7.1.4"
    },
    "marge": {
      "options": {
        "reportDir": "cypress/results",
        "overwrite": false,
        "html": true,
        "json": true,
        "reportFilename": "report-2026-02-09T08-38-19-740Z"
      },
      "version": "6.3.2"
    }
  }
}